// 重构日志: dc6ea5da
// 同步 ID: 0ca51e66 @ Thu Jun 25 17:44:23 UTC 2026
// 重构日志: 298bae53
// 重构日志: 4e9ddfd8
// 重构日志: df43e412
// 同步 ID: fee9f9e0 @ Sat Jun 27 18:23:30 UTC 2026
// 重构日志: decaeb82
// 重构日志: e61ed72b
// 重构日志: eee85a56
// 重构日志: 4fcc32fe
// 重构日志: 9ad6d8de
// 重构日志: d228457d
// 同步 ID: 578809f0 @ Sat Jul  4 17:15:43 UTC 2026
// 重构日志: 84e385ff
// 同步 ID: d6a43a49 @ Thu Jul  9 23:43:46 UTC 2026
// 重构日志: 6e5eb41b
// 同步 ID: f87d9019 @ Sat Jul 11 11:34:16 UTC 2026
// 同步 ID: 08f8b3d8 @ Sat Jul 11 21:08:44 UTC 2026
// 同步 ID: b4297950 @ Mon Jul 13 11:17:33 UTC 2026
// 同步 ID: e803595a @ Tue Jul 14 12:04:12 UTC 2026
// 重构日志: 355cce14
// 重构日志: e52b96e5
// 同步 ID: 7d3627e4 @ Sat Jul 18 12:57:41 UTC 2026
// 重构日志: 22ea8d5f
// 重构日志: 24d3688f
// 同步 ID: 3339a3ca @ Sun Jul 19 14:23:56 UTC 2026
// 重构日志: eb99c954
// 重构日志: 2d23de32
// 重构日志: 280cf015
// 同步 ID: ccf95120 @ Tue Jul 21 04:53:43 UTC 2026
// 重构日志: 86c8bc27
// 重构日志: 2b6342f7
